[
  {
    "id": "getSearchShows",
    "method": "GET",
    "path": "/search/shows",
    "tag": "search",
    "summary": "GET /search/shows",
    "description": "",
    "parameters": [
      {
        "name": "q",
        "in": "query",
        "required": false,
        "description": "",
        "type": "string"
      }
    ],
    "hasRequestBody": false,
    "risk": "read",
    "cacheable": true,
    "responseCodes": [
      "200"
    ],
    "kind": "search"
  },
  {
    "id": "getShows",
    "method": "GET",
    "path": "/shows/{id}",
    "tag": "shows",
    "summary": "GET /shows/{id}",
    "description": "",
    "parameters": [
      {
        "name": "id",
        "in": "path",
        "required": true,
        "description": "",
        "type": "string"
      }
    ],
    "hasRequestBody": false,
    "risk": "read",
    "cacheable": true,
    "responseCodes": [
      "200"
    ],
    "kind": "read-detail"
  },
  {
    "id": "getShowsIdEpisodes",
    "method": "GET",
    "path": "/shows/{id}/episodes",
    "tag": "shows",
    "summary": "GET /shows/{id}/episodes",
    "description": "",
    "parameters": [
      {
        "name": "id",
        "in": "path",
        "required": true,
        "description": "",
        "type": "string"
      }
    ],
    "hasRequestBody": false,
    "risk": "read",
    "cacheable": true,
    "responseCodes": [
      "200"
    ],
    "kind": "read"
  },
  {
    "id": "getSchedule",
    "method": "GET",
    "path": "/schedule",
    "tag": "schedule",
    "summary": "GET /schedule",
    "description": "",
    "parameters": [
      {
        "name": "country",
        "in": "query",
        "required": false,
        "description": "",
        "type": "string"
      },
      {
        "name": "date",
        "in": "query",
        "required": false,
        "description": "",
        "type": "string"
      }
    ],
    "hasRequestBody": false,
    "risk": "read",
    "cacheable": true,
    "responseCodes": [
      "200"
    ],
    "kind": "read-list"
  },
  {
    "id": "getPeople",
    "method": "GET",
    "path": "/people/{id}",
    "tag": "people",
    "summary": "GET /people/{id}",
    "description": "",
    "parameters": [
      {
        "name": "id",
        "in": "path",
        "required": true,
        "description": "",
        "type": "string"
      }
    ],
    "hasRequestBody": false,
    "risk": "read",
    "cacheable": true,
    "responseCodes": [
      "200"
    ],
    "kind": "read-detail"
  }
]
