$ /mnt/c/Users/sarah/Desktop/gutenberg/library/tools/wikipedia-it/proofs/bin/wikipedia-it operations --json
cwd: /mnt/c/Users/sarah/Desktop/gutenberg/library/tools/wikipedia-it
status: 0
signal: 

stdout:
[
  {
    "id": "getPageSummaryBologna",
    "method": "GET",
    "path": "/api/rest_v1/page/summary/Bologna",
    "tag": "api",
    "summary": "GET /api/rest_v1/page/summary/Bologna",
    "description": "",
    "parameters": [],
    "hasRequestBody": false,
    "risk": "read",
    "cacheable": true,
    "responseCodes": [
      "200"
    ],
    "kind": "read-list"
  },
  {
    "id": "getPageSummaryRoma",
    "method": "GET",
    "path": "/api/rest_v1/page/summary/Roma",
    "tag": "api",
    "summary": "GET /api/rest_v1/page/summary/Roma",
    "description": "",
    "parameters": [],
    "hasRequestBody": false,
    "risk": "read",
    "cacheable": true,
    "responseCodes": [
      "200"
    ],
    "kind": "read-list"
  },
  {
    "id": "getPageRelatedItalia",
    "method": "GET",
    "path": "/api/rest_v1/page/related/Italia",
    "tag": "api",
    "summary": "GET /api/rest_v1/page/related/Italia",
    "description": "",
    "parameters": [],
    "hasRequestBody": false,
    "risk": "read",
    "cacheable": true,
    "responseCodes": [
      "403"
    ],
    "kind": "read-list"
  },
  {
    "id": "getPageRandomSummary",
    "method": "GET",
    "path": "/api/rest_v1/page/random/summary",
    "tag": "api",
    "summary": "GET /api/rest_v1/page/random/summary",
    "description": "",
    "parameters": [],
    "hasRequestBody": false,
    "risk": "read",
    "cacheable": true,
    "responseCodes": [
      "200"
    ],
    "kind": "read-list"
  },
  {
    "id": "getFeedFeatured",
    "method": "GET",
    "path": "/api/rest_v1/feed/featured/{year}/{month}/{day}",
    "tag": "api",
    "summary": "GET /api/rest_v1/feed/featured/{year}/{month}/{day}",
    "description": "",
    "parameters": [
      {
        "name": "year",
        "in": "path",
        "required": true,
        "description": "",
        "type": "string"
      },
      {
        "name": "month",
        "in": "path",
        "required": true,
        "description": "",
        "type": "string"
      },
      {
        "name": "day",
        "in": "path",
        "required": true,
        "description": "",
        "type": "string"
      }
    ],
    "hasRequestBody": false,
    "risk": "read",
    "cacheable": true,
    "responseCodes": [
      "200"
    ],
    "kind": "read-detail"
  }
]


stderr:
