[
  {
    "id": "getCoinsMarkets",
    "method": "GET",
    "path": "/api/v3/coins/markets",
    "tag": "api",
    "summary": "GET /api/v3/coins/markets",
    "description": "",
    "parameters": [
      {
        "name": "vs_currency",
        "in": "query",
        "required": false,
        "description": "",
        "type": "string"
      },
      {
        "name": "per_page",
        "in": "query",
        "required": false,
        "description": "",
        "type": "number"
      },
      {
        "name": "page",
        "in": "query",
        "required": false,
        "description": "",
        "type": "number"
      }
    ],
    "hasRequestBody": false,
    "risk": "read",
    "cacheable": true,
    "responseCodes": [
      "200"
    ],
    "kind": "read-list",
    "pagination": {
      "style": "page",
      "pageParam": "page",
      "perPageParam": "per_page"
    }
  },
  {
    "id": "getCoinsBitcoin",
    "method": "GET",
    "path": "/api/v3/coins/bitcoin",
    "tag": "api",
    "summary": "GET /api/v3/coins/bitcoin",
    "description": "",
    "parameters": [],
    "hasRequestBody": false,
    "risk": "read",
    "cacheable": true,
    "responseCodes": [
      "200"
    ],
    "kind": "read-list"
  },
  {
    "id": "getSimplePrice",
    "method": "GET",
    "path": "/api/v3/simple/price",
    "tag": "api",
    "summary": "GET /api/v3/simple/price",
    "description": "",
    "parameters": [
      {
        "name": "ids",
        "in": "query",
        "required": false,
        "description": "",
        "type": "string"
      },
      {
        "name": "vs_currencies",
        "in": "query",
        "required": false,
        "description": "",
        "type": "string"
      }
    ],
    "hasRequestBody": false,
    "risk": "read",
    "cacheable": true,
    "responseCodes": [
      "200"
    ],
    "kind": "read-list"
  },
  {
    "id": "getGlobal",
    "method": "GET",
    "path": "/api/v3/global",
    "tag": "api",
    "summary": "GET /api/v3/global",
    "description": "",
    "parameters": [],
    "hasRequestBody": false,
    "risk": "read",
    "cacheable": true,
    "responseCodes": [
      "200"
    ],
    "kind": "read-list"
  }
]
