$ /mnt/c/Users/sarah/Desktop/gutenberg/library/tools/tvmaze-quick/proofs/bin/tvmaze-quick operations --json
cwd: /mnt/c/Users/sarah/Desktop/gutenberg/library/tools/tvmaze-quick
status: 0
signal: 

stdout:
[
  {
    "id": "getShows",
    "method": "GET",
    "path": "/shows/{id}",
    "tag": "shows",
    "summary": "GET /shows/{id}",
    "description": "",
    "parameters": [
      {
        "name": "id",
        "in": "path",
        "required": true,
        "description": "",
        "type": "string"
      }
    ],
    "hasRequestBody": false,
    "risk": "read",
    "cacheable": true,
    "responseCodes": [
      "200"
    ],
    "kind": "read-detail"
  }
]


stderr:
