[
  {
    "id": "getForecast",
    "method": "GET",
    "path": "/v1/forecast",
    "tag": "v1",
    "summary": "GET /v1/forecast",
    "description": "",
    "parameters": [
      {
        "name": "latitude",
        "in": "query",
        "required": false,
        "description": "",
        "type": "number"
      },
      {
        "name": "longitude",
        "in": "query",
        "required": false,
        "description": "",
        "type": "number"
      },
      {
        "name": "current",
        "in": "query",
        "required": false,
        "description": "",
        "type": "string"
      },
      {
        "name": "daily",
        "in": "query",
        "required": false,
        "description": "",
        "type": "string"
      },
      {
        "name": "timezone",
        "in": "query",
        "required": false,
        "description": "",
        "type": "string"
      }
    ],
    "hasRequestBody": false,
    "risk": "read",
    "cacheable": true,
    "responseCodes": [
      "200"
    ],
    "kind": "read-list"
  }
]
