[
  {
    "id": "getTopstoriesJson",
    "method": "GET",
    "path": "/v0/topstories.json",
    "tag": "v0",
    "summary": "GET /v0/topstories.json",
    "description": "",
    "parameters": [],
    "hasRequestBody": false,
    "risk": "read",
    "cacheable": true,
    "responseCodes": [
      "200"
    ],
    "kind": "read-list"
  },
  {
    "id": "getNewstoriesJson",
    "method": "GET",
    "path": "/v0/newstories.json",
    "tag": "v0",
    "summary": "GET /v0/newstories.json",
    "description": "",
    "parameters": [],
    "hasRequestBody": false,
    "risk": "read",
    "cacheable": true,
    "responseCodes": [
      "200"
    ],
    "kind": "read-list"
  },
  {
    "id": "getBeststoriesJson",
    "method": "GET",
    "path": "/v0/beststories.json",
    "tag": "v0",
    "summary": "GET /v0/beststories.json",
    "description": "",
    "parameters": [],
    "hasRequestBody": false,
    "risk": "read",
    "cacheable": true,
    "responseCodes": [
      "200"
    ],
    "kind": "read-list"
  },
  {
    "id": "getItem8863Json",
    "method": "GET",
    "path": "/v0/item/8863.json",
    "tag": "v0",
    "summary": "GET /v0/item/8863.json",
    "description": "",
    "parameters": [],
    "hasRequestBody": false,
    "risk": "read",
    "cacheable": true,
    "responseCodes": [
      "200"
    ],
    "kind": "read-list"
  },
  {
    "id": "getMaxitemJson",
    "method": "GET",
    "path": "/v0/maxitem.json",
    "tag": "v0",
    "summary": "GET /v0/maxitem.json",
    "description": "",
    "parameters": [],
    "hasRequestBody": false,
    "risk": "read",
    "cacheable": true,
    "responseCodes": [
      "200"
    ],
    "kind": "read-list"
  }
]
