$ /mnt/c/Users/sarah/Desktop/gutenberg/library/tools/rest-countries/proofs/bin/rest-countries operations --json
cwd: /mnt/c/Users/sarah/Desktop/gutenberg/library/tools/rest-countries
status: 0
signal: 

stdout:
[
  {
    "id": "getNameItaly",
    "method": "GET",
    "path": "/v3.1/name/italy",
    "tag": "v3.1",
    "summary": "GET /v3.1/name/italy",
    "description": "",
    "parameters": [],
    "hasRequestBody": false,
    "risk": "read",
    "cacheable": true,
    "responseCodes": [
      "200"
    ],
    "kind": "read-list"
  },
  {
    "id": "getRegionEurope",
    "method": "GET",
    "path": "/v3.1/region/europe",
    "tag": "v3.1",
    "summary": "GET /v3.1/region/europe",
    "description": "",
    "parameters": [
      {
        "name": "fields",
        "in": "query",
        "required": false,
        "description": "",
        "type": "string"
      }
    ],
    "hasRequestBody": false,
    "risk": "read",
    "cacheable": true,
    "responseCodes": [
      "200"
    ],
    "kind": "read-list"
  },
  {
    "id": "getIndependent",
    "method": "GET",
    "path": "/v3.1/independent",
    "tag": "v3.1",
    "summary": "GET /v3.1/independent",
    "description": "",
    "parameters": [
      {
        "name": "status",
        "in": "query",
        "required": false,
        "description": "",
        "type": "boolean"
      },
      {
        "name": "fields",
        "in": "query",
        "required": false,
        "description": "",
        "type": "string"
      }
    ],
    "hasRequestBody": false,
    "risk": "read",
    "cacheable": true,
    "responseCodes": [
      "200"
    ],
    "kind": "read-list"
  }
]


stderr:
